<?xml version="1.0" encoding="UTF-8"?>
<testng-results skipped="0" failed="0" total="1" passed="1">
  <reporter-output>
  </reporter-output>
  <suite name="Default suite" duration-ms="31245" started-at="2018-06-04T12:32:46Z" finished-at="2018-06-04T12:33:17Z">
    <groups>
    </groups>
    <test name="Default test" duration-ms="31245" started-at="2018-06-04T12:32:46Z" finished-at="2018-06-04T12:33:17Z">
      <class name="com.adv.qa.testcase.LoginpageTest">
        <test-method status="PASS" signature="setup()[pri:0, instance:com.adv.qa.testcase.LoginpageTest@224edc67]" name="setup" is-config="true" duration-ms="18277" started-at="2018-06-04T18:02:46Z" finished-at="2018-06-04T18:03:04Z">
          <reporter-output>
          </reporter-output>
        </test-method> <!-- setup -->
        <test-method status="PASS" signature="logindisplay()[pri:0, instance:com.adv.qa.testcase.LoginpageTest@224edc67]" name="logindisplay" duration-ms="12954" started-at="2018-06-04T18:03:04Z" finished-at="2018-06-04T18:03:17Z">
          <reporter-output>
          </reporter-output>
        </test-method> <!-- logindisplay -->
      </class> <!-- com.adv.qa.testcase.LoginpageTest -->
    </test> <!-- Default test -->
  </suite> <!-- Default suite -->
</testng-results>
